  Inheritance.cpp
C:\Users\JupiterSoft\Documents\GitHub\Students\exercises\C++\Classes and OOP\First_OOP_Example\Inheritance\Inheritance.cpp(6,10): warning C4067: unexpected tokens following preprocessor directive - expected a newline
C:\Users\JupiterSoft\Documents\GitHub\Students\exercises\C++\Classes and OOP\First_OOP_Example\Inheritance\People.h(8,1): error C2011: 'People': 'class' type redefinition
C:\Users\JupiterSoft\Documents\GitHub\Students\exercises\C++\Classes and OOP\First_OOP_Example\First_OOP_Example\People.h(6,7): message : see declaration of 'People'
C:\Users\JupiterSoft\Documents\GitHub\Students\exercises\C++\Classes and OOP\First_OOP_Example\Inheritance\Students.h(4,25): error C2504: 'People': base class undefined
C:\Users\JupiterSoft\Documents\GitHub\Students\exercises\C++\Classes and OOP\First_OOP_Example\Inheritance\Students.h(6,35): error C2614: 'Students': illegal member initialization: 'People' is not a base or member
C:\Users\JupiterSoft\Documents\GitHub\Students\exercises\C++\Classes and OOP\First_OOP_Example\Inheritance\Students.h(11,17): error C2039: 'Name': is not a member of 'Students'
C:\Users\JupiterSoft\Documents\GitHub\Students\exercises\C++\Classes and OOP\First_OOP_Example\Inheritance\Students.h(4,7): message : see declaration of 'Students'
C:\Users\JupiterSoft\Documents\GitHub\Students\exercises\C++\Classes and OOP\First_OOP_Example\Inheritance\Students.h(15,9): error C2039: 'age': is not a member of 'Students'
C:\Users\JupiterSoft\Documents\GitHub\Students\exercises\C++\Classes and OOP\First_OOP_Example\Inheritance\Students.h(4,7): message : see declaration of 'Students'
C:\Users\JupiterSoft\Documents\GitHub\Students\exercises\C++\Classes and OOP\First_OOP_Example\Inheritance\Students.h(16,17): error C2039: 'age': is not a member of 'Students'
C:\Users\JupiterSoft\Documents\GitHub\Students\exercises\C++\Classes and OOP\First_OOP_Example\Inheritance\Students.h(4,7): message : see declaration of 'Students'
C:\Users\JupiterSoft\Documents\GitHub\Students\exercises\C++\Classes and OOP\First_OOP_Example\Inheritance\Inheritance.cpp(10,34): error C2027: use of undefined type 'People'
C:\Users\JupiterSoft\Documents\GitHub\Students\exercises\C++\Classes and OOP\First_OOP_Example\First_OOP_Example\People.h(6,7): message : see declaration of 'People'
C:\Users\JupiterSoft\Documents\GitHub\Students\exercises\C++\Classes and OOP\First_OOP_Example\Inheritance\Inheritance.cpp(13,4): error C2027: use of undefined type 'People'
C:\Users\JupiterSoft\Documents\GitHub\Students\exercises\C++\Classes and OOP\First_OOP_Example\First_OOP_Example\People.h(6,7): message : see declaration of 'People'
